<?xml version="1.0" encoding="UTF-8"?>
<!-- Generated by org.testng.reporters.JUnitReportReporter -->
<testsuite hostname="DESKTOP-IQ050NA" failures="0" tests="1" name="coverfoxTest.TC0001_CoverFox_ValidateBannerCount" time="10.704" errors="0" timestamp="2024-10-13T20:58:40 IST" skipped="0">
  <testcase classname="coverfoxTest.TC0001_CoverFox_ValidateBannerCount" name="validatePolicy" time="10.704"/>
  <system-out>
    <![CDATA[Getting count from text
Getting count from baner
TCvalidatePolicyPassed]]>
  </system-out>
</testsuite> <!-- coverfoxTest.TC0001_CoverFox_ValidateBannerCount -->
