<?xml version="1.0" encoding="UTF-8"?>
<!-- Generated by org.testng.reporters.JUnitReportReporter -->
<testsuite hostname="DESKTOP-IQ050NA" failures="0" tests="2" name="coverfoxTest.TC0002_CoverFox_ValidateErrorMessage" time="20.924" errors="0" timestamp="2024-10-13T21:00:51 IST" skipped="0">
  <testcase classname="coverfoxTest.TC0002_CoverFox_ValidateErrorMessage" name="validateMobileNumberErrorMessage" time="11.166"/>
  <system-out>
    <![CDATA[Entering Pincode
Click on Continue Button
TCvalidateMobileNumberErrorMessagePassed]]>
  </system-out>
  <testcase classname="coverfoxTest.TC0002_CoverFox_ValidateErrorMessage" name="validatePincodeErrorMessage" time="9.758"/>
  <system-out>
    <![CDATA[Entering Mobile Number
Click on Continue Button
TCvalidatePincodeErrorMessagePassed]]>
  </system-out>
</testsuite> <!-- coverfoxTest.TC0002_CoverFox_ValidateErrorMessage -->
